<?xml version="1.0" encoding="UTF-8"?>
<testsuite name="junit.ListTestsWithExceptions" tests="1" skipped="0" failures="0" errors="0" timestamp="2020-04-14T07:05:14" hostname="MacBookPro-SZI.local" time="0.008">
  <properties/>
  <testcase name="nullListThrowsNPEUsingRule" classname="junit.ListTestsWithExceptions" time="0.008"/>
  <system-out><![CDATA[]]></system-out>
  <system-err><![CDATA[]]></system-err>
</testsuite>
